# JRE version: OpenJDK Runtime Environment (21.0.6) (build 21.0.6+-13391695-b895.109)
# Java VM: OpenJDK 64-Bit Server VM (21.0.6+-13391695-b895.109, mixed mode, tiered, compressed oops, compressed class ptrs, g1 gc, windows-amd64)
GC Precious Log:
 CardTable entry size: 512
 Card Set container configuration: InlinePtr #cards 5 size 8 Array Of Cards #cards 12 size 40 Howl #buckets 4 coarsen threshold 1843 Howl Bitmap #cards 512 size 80 coarsen threshold 460 Card regions per heap region 1 cards per card region 2048
 CPUs: 8 total, 8 available
 Memory: 16250M
 Large Page Support: Disabled
 NUMA Support: Disabled
 Compressed Oops: Enabled (32-bit)
 Heap Region Size: 1M
 Heap Min Capacity: 8M
 Heap Initial Capacity: 254M
 Heap Max Capacity: 2G
 Pre-touch: Disabled
 Parallel Workers: 8
 Concurrent Workers: 2
 Concurrent Refinement Workers: 8
 Periodic GC: Disabled
Heap:
 garbage-first heap   total 306176K, used 192725K [0x0000000080000000, 0x0000000100000000)
  region size 1024K, 12 young (12288K), 7 survivors (7168K)
 Metaspace       used 154855K, committed 157376K, reserved 1245184K
  class space    used 19680K, committed 20928K, reserved 1048576K
GC Heap History (20 events):
Event: 39.981 GC heap before
{Heap before GC invocations=41 (full 0):
 garbage-first heap   total 239616K, used 204887K [0x0000000080000000, 0x0000000100000000)
  region size 1024K, 65 young (66560K), 4 survivors (4096K)
 Metaspace       used 128573K, committed 130688K, reserved 1179648K
  class space    used 16396K, committed 17472K, reserved 1048576K
}
Event: 39.992 GC heap after
{Heap after GC invocations=42 (full 0):
 garbage-first heap   total 239616K, used 144956K [0x0000000080000000, 0x0000000100000000)
  region size 1024K, 7 young (7168K), 7 survivors (7168K)
 Metaspace       used 128573K, committed 130688K, reserved 1179648K
  class space    used 16396K, committed 17472K, reserved 1048576K
}
Event: 41.475 GC heap before
{Heap before GC invocations=42 (full 0):
 garbage-first heap   total 239616K, used 218684K [0x0000000080000000, 0x0000000100000000)
  region size 1024K, 78 young (79872K), 7 survivors (7168K)
 Metaspace       used 131413K, committed 133632K, reserved 1179648K
  class space    used 16695K, committed 17792K, reserved 1048576K
}
Event: 41.491 GC heap after
{Heap after GC invocations=43 (full 0):
 garbage-first heap   total 239616K, used 149848K [0x0000000080000000, 0x0000000100000000)
  region size 1024K, 9 young (9216K), 9 survivors (9216K)
 Metaspace       used 131413K, committed 133632K, reserved 1179648K
  class space    used 16695K, committed 17792K, reserved 1048576K
}
Event: 44.086 GC heap before
{Heap before GC invocations=43 (full 0):
 garbage-first heap   total 239616K, used 216408K [0x0000000080000000, 0x0000000100000000)
  region size 1024K, 74 young (75776K), 9 survivors (9216K)
 Metaspace       used 136659K, committed 138944K, reserved 1179648K
  class space    used 17419K, committed 18560K, reserved 1048576K
}
Event: 44.095 GC heap after
{Heap after GC invocations=44 (full 0):
 garbage-first heap   total 239616K, used 146057K [0x0000000080000000, 0x0000000100000000)
  region size 1024K, 3 young (3072K), 3 survivors (3072K)
 Metaspace       used 136659K, committed 138944K, reserved 1179648K
  class space    used 17419K, committed 18560K, reserved 1048576K
}
Event: 46.514 GC heap before
{Heap before GC invocations=45 (full 0):
 garbage-first heap   total 245760K, used 221833K [0x0000000080000000, 0x0000000100000000)
  region size 1024K, 78 young (79872K), 3 survivors (3072K)
 Metaspace       used 141530K, committed 143936K, reserved 1179648K
  class space    used 18129K, committed 19328K, reserved 1048576K
}
Event: 46.526 GC heap after
{Heap after GC invocations=46 (full 0):
 garbage-first heap   total 245760K, used 150930K [0x0000000080000000, 0x0000000100000000)
  region size 1024K, 8 young (8192K), 8 survivors (8192K)
 Metaspace       used 141530K, committed 143936K, reserved 1179648K
  class space    used 18129K, committed 19328K, reserved 1048576K
}
Event: 47.614 GC heap before
{Heap before GC invocations=46 (full 0):
 garbage-first heap   total 245760K, used 222610K [0x0000000080000000, 0x0000000100000000)
  region size 1024K, 79 young (80896K), 8 survivors (8192K)
 Metaspace       used 141785K, committed 144192K, reserved 1179648K
  class space    used 18129K, committed 19328K, reserved 1048576K
}
Event: 47.631 GC heap after
{Heap after GC invocations=47 (full 0):
 garbage-first heap   total 245760K, used 152415K [0x0000000080000000, 0x0000000100000000)
  region size 1024K, 3 young (3072K), 3 survivors (3072K)
 Metaspace       used 141785K, committed 144192K, reserved 1179648K
  class space    used 18129K, committed 19328K, reserved 1048576K
}
Event: 47.894 GC heap before
{Heap before GC invocations=47 (full 0):
 garbage-first heap   total 245760K, used 164703K [0x0000000080000000, 0x0000000100000000)
  region size 1024K, 16 young (16384K), 3 survivors (3072K)
 Metaspace       used 142107K, committed 144512K, reserved 1179648K
  class space    used 18178K, committed 19392K, reserved 1048576K
}
Event: 47.899 GC heap after
{Heap after GC invocations=48 (full 0):
 garbage-first heap   total 245760K, used 152701K [0x0000000080000000, 0x0000000100000000)
  region size 1024K, 3 young (3072K), 3 survivors (3072K)
 Metaspace       used 142107K, committed 144512K, reserved 1179648K
  class space    used 18178K, committed 19392K, reserved 1048576K
}
Event: 48.994 GC heap before
{Heap before GC invocations=49 (full 0):
 garbage-first heap   total 260096K, used 235645K [0x0000000080000000, 0x0000000100000000)
  region size 1024K, 76 young (77824K), 3 survivors (3072K)
 Metaspace       used 142197K, committed 144576K, reserved 1179648K
  class space    used 18181K, committed 19392K, reserved 1048576K
}
Event: 49.013 GC heap after
{Heap after GC invocations=50 (full 0):
 garbage-first heap   total 260096K, used 172401K [0x0000000080000000, 0x0000000100000000)
  region size 1024K, 10 young (10240K), 10 survivors (10240K)
 Metaspace       used 142197K, committed 144576K, reserved 1179648K
  class space    used 18181K, committed 19392K, reserved 1048576K
}
Event: 50.229 GC heap before
{Heap before GC invocations=50 (full 0):
 garbage-first heap   total 260096K, used 238961K [0x0000000080000000, 0x0000000100000000)
  region size 1024K, 71 young (72704K), 10 survivors (10240K)
 Metaspace       used 143860K, committed 146240K, reserved 1179648K
  class space    used 18322K, committed 19520K, reserved 1048576K
}
Event: 50.247 GC heap after
{Heap after GC invocations=51 (full 0):
 garbage-first heap   total 260096K, used 180224K [0x0000000080000000, 0x0000000100000000)
  region size 1024K, 9 young (9216K), 9 survivors (9216K)
 Metaspace       used 143860K, committed 146240K, reserved 1179648K
  class space    used 18322K, committed 19520K, reserved 1048576K
}
Event: 51.885 GC heap before
{Heap before GC invocations=51 (full 0):
 garbage-first heap   total 260096K, used 236544K [0x0000000080000000, 0x0000000100000000)
  region size 1024K, 64 young (65536K), 9 survivors (9216K)
 Metaspace       used 149399K, committed 151808K, reserved 1245184K
  class space    used 18911K, committed 20096K, reserved 1048576K
}
Event: 51.895 GC heap after
{Heap after GC invocations=52 (full 0):
 garbage-first heap   total 260096K, used 182631K [0x0000000080000000, 0x0000000100000000)
  region size 1024K, 2 young (2048K), 2 survivors (2048K)
 Metaspace       used 149399K, committed 151808K, reserved 1245184K
  class space    used 18911K, committed 20096K, reserved 1048576K
}
Event: 53.743 GC heap before
{Heap before GC invocations=53 (full 0):
 garbage-first heap   total 306176K, used 246119K [0x0000000080000000, 0x0000000100000000)
  region size 1024K, 59 young (60416K), 2 survivors (2048K)
 Metaspace       used 154489K, committed 156992K, reserved 1245184K
  class space    used 19642K, committed 20864K, reserved 1048576K
}
Event: 53.753 GC heap after
{Heap after GC invocations=54 (full 0):
 garbage-first heap   total 306176K, used 188629K [0x0000000080000000, 0x0000000100000000)
  region size 1024K, 7 young (7168K), 7 survivors (7168K)
 Metaspace       used 154489K, committed 156992K, reserved 1245184K
  class space    used 19642K, committed 20864K, reserved 1048576K
}

