# JRE version: OpenJDK Runtime Environment (21.0.6) (build 21.0.6+-13391695-b895.109)
# Java VM: OpenJDK 64-Bit Server VM (21.0.6+-13391695-b895.109, mixed mode, tiered, compressed oops, compressed class ptrs, g1 gc, windows-amd64)
GC Precious Log:
 CardTable entry size: 512
 Card Set container configuration: InlinePtr #cards 5 size 8 Array Of Cards #cards 12 size 40 Howl #buckets 4 coarsen threshold 1843 Howl Bitmap #cards 512 size 80 coarsen threshold 460 Card regions per heap region 1 cards per card region 2048
 CPUs: 8 total, 8 available
 Memory: 16250M
 Large Page Support: Disabled
 NUMA Support: Disabled
 Compressed Oops: Enabled (32-bit)
 Heap Region Size: 1M
 Heap Min Capacity: 8M
 Heap Initial Capacity: 254M
 Heap Max Capacity: 2G
 Pre-touch: Disabled
 Parallel Workers: 8
 Concurrent Workers: 2
 Concurrent Refinement Workers: 8
 Periodic GC: Disabled
Heap:
 garbage-first heap   total 252928K, used 164990K [0x0000000080000000, 0x0000000100000000)
  region size 1024K, 11 young (11264K), 8 survivors (8192K)
 Metaspace       used 142545K, committed 144768K, reserved 1179648K
  class space    used 18114K, committed 19200K, reserved 1048576K
GC Heap History (20 events):
Event: 42.814 GC heap before
{Heap before GC invocations=34 (full 0):
 garbage-first heap   total 176128K, used 168523K [0x0000000080000000, 0x0000000100000000)
  region size 1024K, 58 young (59392K), 4 survivors (4096K)
 Metaspace       used 87049K, committed 88832K, reserved 1179648K
  class space    used 11879K, committed 12736K, reserved 1048576K
}
Event: 42.843 GC heap after
{Heap after GC invocations=35 (full 0):
 garbage-first heap   total 189440K, used 119454K [0x0000000080000000, 0x0000000100000000)
  region size 1024K, 8 young (8192K), 8 survivors (8192K)
 Metaspace       used 87049K, committed 88832K, reserved 1179648K
  class space    used 11879K, committed 12736K, reserved 1048576K
}
Event: 44.003 GC heap before
{Heap before GC invocations=35 (full 0):
 garbage-first heap   total 189440K, used 150174K [0x0000000080000000, 0x0000000100000000)
  region size 1024K, 39 young (39936K), 8 survivors (8192K)
 Metaspace       used 91160K, committed 92864K, reserved 1179648K
  class space    used 12350K, committed 13184K, reserved 1048576K
}
Event: 44.024 GC heap after
{Heap after GC invocations=36 (full 0):
 garbage-first heap   total 227328K, used 122253K [0x0000000080000000, 0x0000000100000000)
  region size 1024K, 2 young (2048K), 2 survivors (2048K)
 Metaspace       used 91160K, committed 92864K, reserved 1179648K
  class space    used 12350K, committed 13184K, reserved 1048576K
}
Event: 44.040 GC heap before
{Heap before GC invocations=36 (full 0):
 garbage-first heap   total 227328K, used 128397K [0x0000000080000000, 0x0000000100000000)
  region size 1024K, 3 young (3072K), 2 survivors (2048K)
 Metaspace       used 91160K, committed 92864K, reserved 1179648K
  class space    used 12350K, committed 13184K, reserved 1048576K
}
Event: 44.044 GC heap after
{Heap after GC invocations=37 (full 0):
 garbage-first heap   total 227328K, used 128013K [0x0000000080000000, 0x0000000100000000)
  region size 1024K, 2 young (2048K), 2 survivors (2048K)
 Metaspace       used 91160K, committed 92864K, reserved 1179648K
  class space    used 12350K, committed 13184K, reserved 1048576K
}
Event: 47.945 GC heap before
{Heap before GC invocations=38 (full 0):
 garbage-first heap   total 227328K, used 211981K [0x0000000080000000, 0x0000000100000000)
  region size 1024K, 84 young (86016K), 2 survivors (2048K)
 Metaspace       used 100868K, committed 102912K, reserved 1179648K
  class space    used 13413K, committed 14400K, reserved 1048576K
}
Event: 47.957 GC heap after
{Heap after GC invocations=39 (full 0):
 garbage-first heap   total 227328K, used 133517K [0x0000000080000000, 0x0000000100000000)
  region size 1024K, 7 young (7168K), 7 survivors (7168K)
 Metaspace       used 100868K, committed 102912K, reserved 1179648K
  class space    used 13413K, committed 14400K, reserved 1048576K
}
Event: 52.643 GC heap before
{Heap before GC invocations=39 (full 0):
 garbage-first heap   total 227328K, used 208269K [0x0000000080000000, 0x0000000100000000)
  region size 1024K, 79 young (80896K), 7 survivors (7168K)
 Metaspace       used 107585K, committed 109696K, reserved 1179648K
  class space    used 14250K, committed 15296K, reserved 1048576K
}
Event: 52.664 GC heap after
{Heap after GC invocations=40 (full 0):
 garbage-first heap   total 227328K, used 135659K [0x0000000080000000, 0x0000000100000000)
  region size 1024K, 5 young (5120K), 5 survivors (5120K)
 Metaspace       used 107585K, committed 109696K, reserved 1179648K
  class space    used 14250K, committed 15296K, reserved 1048576K
}
Event: 56.862 GC heap before
{Heap before GC invocations=40 (full 0):
 garbage-first heap   total 227328K, used 209387K [0x0000000080000000, 0x0000000100000000)
  region size 1024K, 77 young (78848K), 5 survivors (5120K)
 Metaspace       used 114018K, committed 116160K, reserved 1179648K
  class space    used 14965K, committed 16064K, reserved 1048576K
}
Event: 56.876 GC heap after
{Heap after GC invocations=41 (full 0):
 garbage-first heap   total 227328K, used 140915K [0x0000000080000000, 0x0000000100000000)
  region size 1024K, 10 young (10240K), 10 survivors (10240K)
 Metaspace       used 114018K, committed 116160K, reserved 1179648K
  class space    used 14965K, committed 16064K, reserved 1048576K
}
Event: 60.003 GC heap before
{Heap before GC invocations=42 (full 0):
 garbage-first heap   total 235520K, used 204403K [0x0000000080000000, 0x0000000100000000)
  region size 1024K, 72 young (73728K), 10 survivors (10240K)
 Metaspace       used 121924K, committed 124096K, reserved 1179648K
  class space    used 15841K, committed 16896K, reserved 1048576K
}
Event: 60.021 GC heap after
{Heap after GC invocations=43 (full 0):
 garbage-first heap   total 235520K, used 145344K [0x0000000080000000, 0x0000000100000000)
  region size 1024K, 5 young (5120K), 5 survivors (5120K)
 Metaspace       used 121924K, committed 124096K, reserved 1179648K
  class space    used 15841K, committed 16896K, reserved 1048576K
}
Event: 63.548 GC heap before
{Heap before GC invocations=43 (full 0):
 garbage-first heap   total 235520K, used 218048K [0x0000000080000000, 0x0000000100000000)
  region size 1024K, 76 young (77824K), 5 survivors (5120K)
 Metaspace       used 131266K, committed 133440K, reserved 1179648K
  class space    used 16700K, committed 17792K, reserved 1048576K
}
Event: 63.562 GC heap after
{Heap after GC invocations=44 (full 0):
 garbage-first heap   total 235520K, used 148191K [0x0000000080000000, 0x0000000100000000)
  region size 1024K, 9 young (9216K), 9 survivors (9216K)
 Metaspace       used 131266K, committed 133440K, reserved 1179648K
  class space    used 16700K, committed 17792K, reserved 1048576K
}
Event: 63.782 GC heap before
{Heap before GC invocations=44 (full 0):
 garbage-first heap   total 235520K, used 155359K [0x0000000080000000, 0x0000000100000000)
  region size 1024K, 17 young (17408K), 9 survivors (9216K)
 Metaspace       used 131349K, committed 133568K, reserved 1179648K
  class space    used 16700K, committed 17792K, reserved 1048576K
}
Event: 63.795 GC heap after
{Heap after GC invocations=45 (full 0):
 garbage-first heap   total 235520K, used 150390K [0x0000000080000000, 0x0000000100000000)
  region size 1024K, 6 young (6144K), 6 survivors (6144K)
 Metaspace       used 131349K, committed 133568K, reserved 1179648K
  class space    used 16700K, committed 17792K, reserved 1048576K
}
Event: 66.410 GC heap before
{Heap before GC invocations=46 (full 0):
 garbage-first heap   total 252928K, used 212854K [0x0000000080000000, 0x0000000100000000)
  region size 1024K, 66 young (67584K), 6 survivors (6144K)
 Metaspace       used 132288K, committed 134464K, reserved 1179648K
  class space    used 16766K, committed 17856K, reserved 1048576K
}
Event: 66.425 GC heap after
{Heap after GC invocations=47 (full 0):
 garbage-first heap   total 252928K, used 156272K [0x0000000080000000, 0x0000000100000000)
  region size 1024K, 8 young (8192K), 8 survivors (8192K)
 Metaspace       used 132288K, committed 134464K, reserved 1179648K
  class space    used 16766K, committed 17856K, reserved 1048576K
}

