# JRE version: OpenJDK Runtime Environment (21.0.6) (build 21.0.6+-13391695-b895.109)
# Java VM: OpenJDK 64-Bit Server VM (21.0.6+-13391695-b895.109, mixed mode, tiered, compressed oops, compressed class ptrs, g1 gc, windows-amd64)
GC Precious Log:
 CardTable entry size: 512
 Card Set container configuration: InlinePtr #cards 5 size 8 Array Of Cards #cards 12 size 40 Howl #buckets 4 coarsen threshold 1843 Howl Bitmap #cards 512 size 80 coarsen threshold 460 Card regions per heap region 1 cards per card region 2048
 CPUs: 8 total, 8 available
 Memory: 16250M
 Large Page Support: Disabled
 NUMA Support: Disabled
 Compressed Oops: Enabled (32-bit)
 Heap Region Size: 1M
 Heap Min Capacity: 8M
 Heap Initial Capacity: 254M
 Heap Max Capacity: 2G
 Pre-touch: Disabled
 Parallel Workers: 8
 Concurrent Workers: 2
 Concurrent Refinement Workers: 8
 Periodic GC: Disabled
Heap:
 garbage-first heap   total 229376K, used 181305K [0x0000000080000000, 0x0000000100000000)
  region size 1024K, 45 young (46080K), 7 survivors (7168K)
 Metaspace       used 125956K, committed 127936K, reserved 1179648K
  class space    used 15908K, committed 16896K, reserved 1048576K
GC Heap History (20 events):
Event: 36.123 GC heap before
{Heap before GC invocations=29 (full 0):
 garbage-first heap   total 163840K, used 150382K [0x0000000080000000, 0x0000000100000000)
  region size 1024K, 54 young (55296K), 4 survivors (4096K)
 Metaspace       used 74923K, committed 76480K, reserved 1179648K
  class space    used 10340K, committed 11072K, reserved 1048576K
}
Event: 36.132 GC heap after
{Heap after GC invocations=30 (full 0):
 garbage-first heap   total 163840K, used 100420K [0x0000000080000000, 0x0000000100000000)
  region size 1024K, 5 young (5120K), 5 survivors (5120K)
 Metaspace       used 74923K, committed 76480K, reserved 1179648K
  class space    used 10340K, committed 11072K, reserved 1048576K
}
Event: 37.861 GC heap before
{Heap before GC invocations=30 (full 0):
 garbage-first heap   total 163840K, used 140356K [0x0000000080000000, 0x0000000100000000)
  region size 1024K, 45 young (46080K), 5 survivors (5120K)
 Metaspace       used 81795K, committed 83392K, reserved 1179648K
  class space    used 11168K, committed 11968K, reserved 1048576K
}
Event: 37.871 GC heap after
{Heap after GC invocations=31 (full 0):
 garbage-first heap   total 163840K, used 101506K [0x0000000080000000, 0x0000000100000000)
  region size 1024K, 5 young (5120K), 5 survivors (5120K)
 Metaspace       used 81795K, committed 83392K, reserved 1179648K
  class space    used 11168K, committed 11968K, reserved 1048576K
}
Event: 39.661 GC heap before
{Heap before GC invocations=32 (full 0):
 garbage-first heap   total 183296K, used 154754K [0x0000000080000000, 0x0000000100000000)
  region size 1024K, 50 young (51200K), 5 survivors (5120K)
 Metaspace       used 83039K, committed 84672K, reserved 1179648K
  class space    used 11312K, committed 12096K, reserved 1048576K
}
Event: 39.682 GC heap after
{Heap after GC invocations=33 (full 0):
 garbage-first heap   total 183296K, used 111440K [0x0000000080000000, 0x0000000100000000)
  region size 1024K, 7 young (7168K), 7 survivors (7168K)
 Metaspace       used 83039K, committed 84672K, reserved 1179648K
  class space    used 11312K, committed 12096K, reserved 1048576K
}
Event: 43.895 GC heap before
{Heap before GC invocations=33 (full 0):
 garbage-first heap   total 183296K, used 169808K [0x0000000080000000, 0x0000000100000000)
  region size 1024K, 57 young (58368K), 7 survivors (7168K)
 Metaspace       used 89427K, committed 91072K, reserved 1179648K
  class space    used 11990K, committed 12800K, reserved 1048576K
}
Event: 43.917 GC heap after
{Heap after GC invocations=34 (full 0):
 garbage-first heap   total 184320K, used 123024K [0x0000000080000000, 0x0000000100000000)
  region size 1024K, 5 young (5120K), 5 survivors (5120K)
 Metaspace       used 89427K, committed 91072K, reserved 1179648K
  class space    used 11990K, committed 12800K, reserved 1048576K
}
Event: 46.932 GC heap before
{Heap before GC invocations=34 (full 0):
 garbage-first heap   total 184320K, used 168080K [0x0000000080000000, 0x0000000100000000)
  region size 1024K, 49 young (50176K), 5 survivors (5120K)
 Metaspace       used 95112K, committed 97088K, reserved 1179648K
  class space    used 12614K, committed 13632K, reserved 1048576K
}
Event: 46.943 GC heap after
{Heap after GC invocations=35 (full 0):
 garbage-first heap   total 184320K, used 126505K [0x0000000080000000, 0x0000000100000000)
  region size 1024K, 4 young (4096K), 4 survivors (4096K)
 Metaspace       used 95112K, committed 97088K, reserved 1179648K
  class space    used 12614K, committed 13632K, reserved 1048576K
}
Event: 48.662 GC heap before
{Heap before GC invocations=36 (full 0):
 garbage-first heap   total 214016K, used 167465K [0x0000000080000000, 0x0000000100000000)
  region size 1024K, 44 young (45056K), 4 survivors (4096K)
 Metaspace       used 100663K, committed 102592K, reserved 1179648K
  class space    used 13311K, committed 14272K, reserved 1048576K
}
Event: 48.677 GC heap after
{Heap after GC invocations=37 (full 0):
 garbage-first heap   total 214016K, used 128308K [0x0000000080000000, 0x0000000100000000)
  region size 1024K, 5 young (5120K), 5 survivors (5120K)
 Metaspace       used 100663K, committed 102592K, reserved 1179648K
  class space    used 13311K, committed 14272K, reserved 1048576K
}
Event: 51.087 GC heap before
{Heap before GC invocations=37 (full 0):
 garbage-first heap   total 214016K, used 194868K [0x0000000080000000, 0x0000000100000000)
  region size 1024K, 69 young (70656K), 5 survivors (5120K)
 Metaspace       used 104380K, committed 106432K, reserved 1179648K
  class space    used 13707K, committed 14720K, reserved 1048576K
}
Event: 51.101 GC heap after
{Heap after GC invocations=38 (full 0):
 garbage-first heap   total 214016K, used 132215K [0x0000000080000000, 0x0000000100000000)
  region size 1024K, 7 young (7168K), 7 survivors (7168K)
 Metaspace       used 104380K, committed 106432K, reserved 1179648K
  class space    used 13707K, committed 14720K, reserved 1048576K
}
Event: 54.093 GC heap before
{Heap before GC invocations=38 (full 0):
 garbage-first heap   total 214016K, used 194679K [0x0000000080000000, 0x0000000100000000)
  region size 1024K, 68 young (69632K), 7 survivors (7168K)
 Metaspace       used 110403K, committed 112384K, reserved 1179648K
  class space    used 14306K, committed 15296K, reserved 1048576K
}
Event: 54.109 GC heap after
{Heap after GC invocations=39 (full 0):
 garbage-first heap   total 214016K, used 136628K [0x0000000080000000, 0x0000000100000000)
  region size 1024K, 9 young (9216K), 9 survivors (9216K)
 Metaspace       used 110403K, committed 112384K, reserved 1179648K
  class space    used 14306K, committed 15296K, reserved 1048576K
}
Event: 57.726 GC heap before
{Heap before GC invocations=40 (full 0):
 garbage-first heap   total 229376K, used 191924K [0x0000000080000000, 0x0000000100000000)
  region size 1024K, 63 young (64512K), 9 survivors (9216K)
 Metaspace       used 118643K, committed 120640K, reserved 1179648K
  class space    used 15200K, committed 16192K, reserved 1048576K
}
Event: 57.742 GC heap after
{Heap after GC invocations=41 (full 0):
 garbage-first heap   total 229376K, used 139204K [0x0000000080000000, 0x0000000100000000)
  region size 1024K, 3 young (3072K), 3 survivors (3072K)
 Metaspace       used 118643K, committed 120640K, reserved 1179648K
  class space    used 15200K, committed 16192K, reserved 1048576K
}
Event: 60.464 GC heap before
{Heap before GC invocations=41 (full 0):
 garbage-first heap   total 229376K, used 212932K [0x0000000080000000, 0x0000000100000000)
  region size 1024K, 74 young (75776K), 3 survivors (3072K)
 Metaspace       used 125446K, committed 127488K, reserved 1179648K
  class space    used 15869K, committed 16896K, reserved 1048576K
}
Event: 60.477 GC heap after
{Heap after GC invocations=42 (full 0):
 garbage-first heap   total 229376K, used 143417K [0x0000000080000000, 0x0000000100000000)
  region size 1024K, 7 young (7168K), 7 survivors (7168K)
 Metaspace       used 125446K, committed 127488K, reserved 1179648K
  class space    used 15869K, committed 16896K, reserved 1048576K
}

